# JRE version: OpenJDK Runtime Environment (11.0.15) (build 11.0.15+0-b2043.56-8887301)
# Java VM: OpenJDK 64-Bit Server VM (11.0.15+0-b2043.56-8887301, mixed mode, tiered, compressed oops, g1 gc, windows-amd64)
Heap:
 garbage-first heap   total 188416K, used 19498K [0x0000000080000000, 0x0000000100000000)
  region size 1024K, 6 young (6144K), 6 survivors (6144K)
 Metaspace       used 27329K, capacity 28045K, committed 28156K, reserved 1081344K
  class space    used 3564K, capacity 3847K, committed 3916K, reserved 1048576K
GC Heap History (12 events):
Event: 3.481 GC heap before
{Heap before GC invocations=0 (full 0):
 garbage-first heap   total 188416K, used 16384K [0x0000000080000000, 0x0000000100000000)
  region size 1024K, 14 young (14336K), 0 survivors (0K)
 Metaspace       used 6748K, capacity 6929K, committed 7168K, reserved 1056768K
  class space    used 571K, capacity 650K, committed 768K, reserved 1048576K
}
Event: 3.514 GC heap after
{Heap after GC invocations=1 (full 0):
 garbage-first heap   total 188416K, used 4128K [0x0000000080000000, 0x0000000100000000)
  region size 1024K, 2 young (2048K), 2 survivors (2048K)
 Metaspace       used 6748K, capacity 6929K, committed 7168K, reserved 1056768K
  class space    used 571K, capacity 650K, committed 768K, reserved 1048576K
}
Event: 4.131 GC heap before
{Heap before GC invocations=1 (full 0):
 garbage-first heap   total 188416K, used 18464K [0x0000000080000000, 0x0000000100000000)
  region size 1024K, 13 young (13312K), 2 survivors (2048K)
 Metaspace       used 9895K, capacity 10122K, committed 10368K, reserved 1058816K
  class space    used 1009K, capacity 1102K, committed 1152K, reserved 1048576K
}
Event: 4.134 GC heap after
{Heap after GC invocations=2 (full 0):
 garbage-first heap   total 188416K, used 9406K [0x0000000080000000, 0x0000000100000000)
  region size 1024K, 2 young (2048K), 2 survivors (2048K)
 Metaspace       used 9895K, capacity 10122K, committed 10368K, reserved 1058816K
  class space    used 1009K, capacity 1102K, committed 1152K, reserved 1048576K
}
Event: 5.436 GC heap before
{Heap before GC invocations=2 (full 0):
 garbage-first heap   total 188416K, used 41150K [0x0000000080000000, 0x0000000100000000)
  region size 1024K, 32 young (32768K), 2 survivors (2048K)
 Metaspace       used 10980K, capacity 11205K, committed 11520K, reserved 1058816K
  class space    used 1114K, capacity 1207K, committed 1280K, reserved 1048576K
}
Event: 5.440 GC heap after
{Heap after GC invocations=3 (full 0):
 garbage-first heap   total 188416K, used 13401K [0x0000000080000000, 0x0000000100000000)
  region size 1024K, 4 young (4096K), 4 survivors (4096K)
 Metaspace       used 10980K, capacity 11205K, committed 11520K, reserved 1058816K
  class space    used 1114K, capacity 1207K, committed 1280K, reserved 1048576K
}
Event: 10.919 GC heap before
{Heap before GC invocations=3 (full 0):
 garbage-first heap   total 188416K, used 56409K [0x0000000080000000, 0x0000000100000000)
  region size 1024K, 46 young (47104K), 4 survivors (4096K)
 Metaspace       used 18636K, capacity 19072K, committed 19328K, reserved 1067008K
  class space    used 2174K, capacity 2332K, committed 2432K, reserved 1048576K
}
Event: 10.927 GC heap after
{Heap after GC invocations=4 (full 0):
 garbage-first heap   total 188416K, used 16591K [0x0000000080000000, 0x0000000100000000)
  region size 1024K, 6 young (6144K), 6 survivors (6144K)
 Metaspace       used 18636K, capacity 19072K, committed 19328K, reserved 1067008K
  class space    used 2174K, capacity 2332K, committed 2432K, reserved 1048576K
}
Event: 11.309 GC heap before
{Heap before GC invocations=4 (full 0):
 garbage-first heap   total 188416K, used 33999K [0x0000000080000000, 0x0000000100000000)
  region size 1024K, 24 young (24576K), 6 survivors (6144K)
 Metaspace       used 20840K, capacity 21222K, committed 21296K, reserved 1069056K
  class space    used 2505K, capacity 2665K, committed 2688K, reserved 1048576K
}
Event: 11.317 GC heap after
{Heap after GC invocations=5 (full 0):
 garbage-first heap   total 188416K, used 17334K [0x0000000080000000, 0x0000000100000000)
  region size 1024K, 4 young (4096K), 4 survivors (4096K)
 Metaspace       used 20840K, capacity 21222K, committed 21296K, reserved 1069056K
  class space    used 2505K, capacity 2665K, committed 2688K, reserved 1048576K
}
Event: 14.027 GC heap before
{Heap before GC invocations=6 (full 0):
 garbage-first heap   total 188416K, used 75702K [0x0000000080000000, 0x0000000100000000)
  region size 1024K, 62 young (63488K), 4 survivors (4096K)
 Metaspace       used 27329K, capacity 28045K, committed 28156K, reserved 1079296K
  class space    used 3564K, capacity 3847K, committed 3916K, reserved 1048576K
}
Event: 14.039 GC heap after
{Heap after GC invocations=7 (full 0):
 garbage-first heap   total 188416K, used 19498K [0x0000000080000000, 0x0000000100000000)
  region size 1024K, 6 young (6144K), 6 survivors (6144K)
 Metaspace       used 27329K, capacity 28045K, committed 28156K, reserved 1079296K
  class space    used 3564K, capacity 3847K, committed 3916K, reserved 1048576K
}

